dual_dest: ('fr', 'en')
data_path_2hop_train0: G:\workspace\双语问答-推理模型\CLKGQA\CLKGQA\data\MLPQ_train_dev_test\en_fr\fr_question\train_en_fr_2h_fr_question.txt
data_path_2hop_train1: G:\workspace\双语问答-推理模型\CLKGQA\CLKGQA\data\MLPQ_train_dev_test\en_fr\en_question\train_en_fr_2h_en_question.txt
data_path_2hop_train2: G:\workspace\双语问答-推理模型\CLKGQA\CLKGQA\data\MLPQ_train_dev_test\en_fr\zh_question\train_en_fr_2h_zh_question.txt
data_path_2hop_dev0: G:\workspace\双语问答-推理模型\CLKGQA\CLKGQA\data\MLPQ_train_dev_test\en_fr\fr_question\dev_en_fr_2h_fr_question.txt
data_path_2hop_dev1: G:\workspace\双语问答-推理模型\CLKGQA\CLKGQA\data\MLPQ_train_dev_test\en_fr\en_question\dev_en_fr_2h_en_question.txt
data_path_2hop_dev2: G:\workspace\双语问答-推理模型\CLKGQA\CLKGQA\data\MLPQ_train_dev_test\en_fr\zh_question\dev_en_fr_2h_zh_question.txt
data_path_2hop_test0: G:\workspace\双语问答-推理模型\CLKGQA\CLKGQA\data\MLPQ_train_dev_test\en_fr\fr_question\test_en_fr_2h_fr_question.txt
data_path_2hop_test1: G:\workspace\双语问答-推理模型\CLKGQA\CLKGQA\data\MLPQ_train_dev_test\en_fr\en_question\test_en_fr_2h_en_question.txt
data_path_2hop_test2: G:\workspace\双语问答-推理模型\CLKGQA\CLKGQA\data\MLPQ_train_dev_test\en_fr\zh_question\test_en_fr_2h_zh_question.txt
data_path_3hop_train0: G:\workspace\双语问答-推理模型\CLKGQA\CLKGQA\data\MLPQ_train_dev_test\en_fr\fr_question\train_en_fr_3h_fr_question.txt
data_path_3hop_train1: G:\workspace\双语问答-推理模型\CLKGQA\CLKGQA\data\MLPQ_train_dev_test\en_fr\en_question\train_en_fr_3h_en_question.txt
data_path_3hop_train2: G:\workspace\双语问答-推理模型\CLKGQA\CLKGQA\data\MLPQ_train_dev_test\en_fr\zh_question\train_en_fr_3h_zh_question.txt
data_path_3hop_dev0: G:\workspace\双语问答-推理模型\CLKGQA\CLKGQA\data\MLPQ_train_dev_test\en_fr\fr_question\dev_en_fr_3h_fr_question.txt
data_path_3hop_dev1: G:\workspace\双语问答-推理模型\CLKGQA\CLKGQA\data\MLPQ_train_dev_test\en_fr\en_question\dev_en_fr_3h_en_question.txt
data_path_3hop_dev2: G:\workspace\双语问答-推理模型\CLKGQA\CLKGQA\data\MLPQ_train_dev_test\en_fr\zh_question\dev_en_fr_3h_zh_question.txt
data_path_3hop_test0: G:\workspace\双语问答-推理模型\CLKGQA\CLKGQA\data\MLPQ_train_dev_test\en_fr\fr_question\test_en_fr_3h_fr_question.txt
data_path_3hop_test1: G:\workspace\双语问答-推理模型\CLKGQA\CLKGQA\data\MLPQ_train_dev_test\en_fr\en_question\test_en_fr_3h_en_question.txt
data_path_3hop_test2: G:\workspace\双语问答-推理模型\CLKGQA\CLKGQA\data\MLPQ_train_dev_test\en_fr\zh_question\test_en_fr_3h_zh_question.txt
alignment_path_dev: G:\workspace\双语问答-推理模型\CLKGQA\CLKGQA\data\NMN_alignment_00\NMN_alignment_list_dev_result_ids_en_fr
alignment_path_test: G:\workspace\双语问答-推理模型\CLKGQA\CLKGQA\data\NMN_alignment_00\NMN_alignment_list_test_result_ids_en_fr
kg_path1: G:\workspace\双语问答-推理模型\CLKGQA\CLKGQA\data\MLPQ\KGs\sampled_monolingual_KGs\Sampled_fr.txt
kg_path2: G:\workspace\双语问答-推理模型\CLKGQA\CLKGQA\data\MLPQ\KGs\sampled_monolingual_KGs\Sampled_en.txt
gpu: 0
dropout_prob: 0.3
n_layers_lstm: 1
d_h: 100
bs: 8
bert_lr: 9e-07
pooling_type: avg
n_epochs: 15
ag: 1
lr: 0.0007
